Content Control Debug Logs:
2023-10-23 12:52:58 - Log file initialized
2023-11-03 09:37:09 - Upgrades started
2023-11-03 09:37:09 - Backing up plugin settings
2023-11-03 09:37:10 - Plugin data backed up successfully to media library. Download the backup https://kinto-training.de/wp-content/uploads/content-control_v1_data-backup.json.
2023-11-03 09:37:10 - Migrating plugin meta
2023-11-03 09:37:10 - Plugin meta migrated
2023-11-03 09:37:10 - Migrating 2 restrictions
2023-11-03 09:37:11 - 2 restrictions migrated
2023-11-03 09:37:11 - Migrating user meta
2023-11-03 09:37:11 - User meta migrated
2023-11-03 09:37:11 - Upgrades complete!
2023-11-03 09:37:11 - Upgrades started
2023-11-03 09:37:11 - Upgrades complete!
2023-11-03 09:37:11 - Upgrades started
2023-11-03 09:37:11 - Upgrades complete!
2023-11-03 09:37:11 - Upgrades started
2023-11-03 09:37:11 - Upgrades complete!
2023-11-03 09:37:11 - Upgrades started
2023-11-03 09:37:11 - Upgrades complete!
2023-11-03 09:37:11 - Upgrades started
2023-11-03 09:37:11 - Upgrades complete!
2023-11-03 09:37:11 - Upgrades started
2023-11-03 09:37:11 - Upgrades complete!
2023-11-03 09:37:11 - Upgrades started
2023-11-03 09:37:11 - Upgrades complete!
2023-11-03 09:37:11 - Upgrades started
2023-11-03 09:37:11 - Upgrades complete!
2023-11-03 09:37:11 - Upgrades started
2023-11-03 09:37:11 - Upgrades complete!
2023-11-03 09:37:11 - Upgrades started
2023-11-03 09:37:11 - Upgrades complete!
2023-11-03 09:37:11 - Upgrades started
2023-11-03 09:37:11 - Upgrades complete!
2023-11-03 09:37:11 - Upgrades started
2023-11-03 09:37:11 - Upgrades complete!