[11-Jun-2024 14:53:30 UTC] PHP Deprecated:  Creation of dynamic property Dsm_Supreme_Modules_Pro_For_Divi::$settings_api is deprecated in /var/www/html/wp-content/plugins/supreme-modules-pro-for-divi/includes/class-dsm-supreme-modules-pro-for-divi.php on line 183
[11-Jun-2024 14:53:38 UTC] PHP Deprecated:  Creation of dynamic property DpDiviFilterGrid::$icon_path is deprecated in /var/www/html/wp-content/themes/Divi/includes/builder/class-et-builder-element.php on line 1417
[11-Jun-2024 14:53:38 UTC] PHP Deprecated:  Optional parameter $content declared before required parameter $render_slug is implicitly treated as a required parameter in /var/www/html/wp-content/plugins/supreme-modules-pro-for-divi/includes/modules/AnimatedGradientText/AnimatedGradientText.php on line 210
[11-Jun-2024 14:53:38 UTC] PHP Deprecated:  Creation of dynamic property DSM_AnimatedGradientText::$icon_path is deprecated in /var/www/html/wp-content/themes/Divi/includes/builder/class-et-builder-element.php on line 1417
[11-Jun-2024 14:53:39 UTC] PHP Deprecated:  Optional parameter $content declared before required parameter $render_slug is implicitly treated as a required parameter in /var/www/html/wp-content/plugins/supreme-modules-pro-for-divi/includes/modules/Badges/Badges.php on line 184
[11-Jun-2024 14:53:39 UTC] PHP Deprecated:  Creation of dynamic property DSM_Text_Badges::$icon_path is deprecated in /var/www/html/wp-content/themes/Divi/includes/builder/class-et-builder-element.php on line 1417
[11-Jun-2024 14:53:39 UTC] PHP Deprecated:  Optional parameter $content declared before required parameter $render_slug is implicitly treated as a required parameter in /var/www/html/wp-content/plugins/supreme-modules-pro-for-divi/includes/modules/BeforeAfterImage/BeforeAfterImage.php on line 404
[11-Jun-2024 14:53:39 UTC] PHP Deprecated:  Creation of dynamic property DSM_Before_After_Image::$icon_path is deprecated in /var/www/html/wp-content/themes/Divi/includes/builder/class-et-builder-element.php on line 1417
[11-Jun-2024 14:53:39 UTC] PHP Deprecated:  Optional parameter $content declared before required parameter $render_slug is implicitly treated as a required parameter in /var/www/html/wp-content/plugins/supreme-modules-pro-for-divi/includes/modules/BlobImage/BlobImage.php on line 518
[11-Jun-2024 14:53:39 UTC] PHP Deprecated:  Automatic conversion of false to array is deprecated in /var/www/html/wp-content/plugins/supreme-modules-pro-for-divi/includes/modules/BlobImage/BlobImage.php on line 416
[11-Jun-2024 14:53:39 UTC] PHP Deprecated:  Optional parameter $content declared before required parameter $render_slug is implicitly treated as a required parameter in /var/www/html/wp-content/plugins/supreme-modules-pro-for-divi/includes/modules/BlockRevealImage/BlockRevealImage.php on line 450
[11-Jun-2024 14:53:39 UTC] PHP Deprecated:  Creation of dynamic property DSM_Block_Reveal_Image::$icon_path is deprecated in /var/www/html/wp-content/themes/Divi/includes/builder/class-et-builder-element.php on line 1417
[11-Jun-2024 14:53:39 UTC] PHP Deprecated:  Optional parameter $content declared before required parameter $render_slug is implicitly treated as a required parameter in /var/www/html/wp-content/plugins/supreme-modules-pro-for-divi/includes/modules/BlockRevealText/BlockRevealText.php on line 194
[11-Jun-2024 14:53:39 UTC] PHP Deprecated:  Creation of dynamic property DSM_BlockRevealText::$icon_path is deprecated in /var/www/html/wp-content/themes/Divi/includes/builder/class-et-builder-element.php on line 1417
[11-Jun-2024 14:53:39 UTC] PHP Deprecated:  Optional parameter $content declared before required parameter $render_slug is implicitly treated as a required parameter in /var/www/html/wp-content/plugins/supreme-modules-pro-for-divi/includes/modules/BlogCarousel/BlogCarousel.php on line 1415
[11-Jun-2024 14:53:39 UTC] PHP Deprecated:  Using ${var} in strings is deprecated, use {$var} instead in /var/www/html/wp-content/plugins/supreme-modules-pro-for-divi/includes/modules/BlogCarousel/BlogCarousel.php on line 1544
[11-Jun-2024 14:53:39 UTC] PHP Deprecated:  Creation of dynamic property DSM_BlogCarousel::$icon_path is deprecated in /var/www/html/wp-content/themes/Divi/includes/builder/class-et-builder-element.php on line 1417
[11-Jun-2024 14:53:39 UTC] PHP Deprecated:  Automatic conversion of false to array is deprecated in /var/www/html/wp-content/plugins/supreme-modules-pro-for-divi/includes/modules/BlogCarousel/BlogCarousel.php on line 107
[11-Jun-2024 14:53:39 UTC] PHP Deprecated:  Optional parameter $content declared before required parameter $render_slug is implicitly treated as a required parameter in /var/www/html/wp-content/plugins/supreme-modules-pro-for-divi/includes/modules/Breadcrumbs/Breadcrumbs.php on line 593
[11-Jun-2024 14:53:39 UTC] PHP Deprecated:  Creation of dynamic property DSM_Breadcrumbs::$icon_path is deprecated in /var/www/html/wp-content/themes/Divi/includes/builder/class-et-builder-element.php on line 1417
[11-Jun-2024 14:53:39 UTC] PHP Deprecated:  Automatic conversion of false to array is deprecated in /var/www/html/wp-content/plugins/supreme-modules-pro-for-divi/includes/modules/Breadcrumbs/Breadcrumbs.php on line 112
[11-Jun-2024 14:53:39 UTC] PHP Deprecated:  Optional parameter $content declared before required parameter $render_slug is implicitly treated as a required parameter in /var/www/html/wp-content/plugins/supreme-modules-pro-for-divi/includes/modules/BusinessHours/BusinessHours.php on line 373
[11-Jun-2024 14:53:39 UTC] PHP Deprecated:  Creation of dynamic property DSM_Business_Hours::$icon_path is deprecated in /var/www/html/wp-content/themes/Divi/includes/builder/class-et-builder-element.php on line 1417
[11-Jun-2024 14:53:39 UTC] PHP Deprecated:  Optional parameter $content declared before required parameter $render_slug is implicitly treated as a required parameter in /var/www/html/wp-content/plugins/supreme-modules-pro-for-divi/includes/modules/BusinessHoursChild/BusinessHoursChild.php on line 264
[11-Jun-2024 14:53:39 UTC] PHP Deprecated:  Optional parameter $content declared before required parameter $render_slug is implicitly treated as a required parameter in /var/www/html/wp-content/plugins/supreme-modules-pro-for-divi/includes/modules/Buttons/Buttons.php on line 1440
[11-Jun-2024 14:53:39 UTC] PHP Deprecated:  Creation of dynamic property DSM_Button::$icon_path is deprecated in /var/www/html/wp-content/themes/Divi/includes/builder/class-et-builder-element.php on line 1417
[11-Jun-2024 14:53:39 UTC] PHP Deprecated:  Optional parameter $content declared before required parameter $render_slug is implicitly treated as a required parameter in /var/www/html/wp-content/plugins/supreme-modules-pro-for-divi/includes/modules/CalderaForms/CalderaForms.php on line 739
[11-Jun-2024 14:53:39 UTC] PHP Deprecated:  Creation of dynamic property DSM_CalderaForms::$icon_path is deprecated in /var/www/html/wp-content/themes/Divi/includes/builder/class-et-builder-element.php on line 1417
[11-Jun-2024 14:53:39 UTC] PHP Deprecated:  Optional parameter $content declared before required parameter $render_slug is implicitly treated as a required parameter in /var/www/html/wp-content/plugins/supreme-modules-pro-for-divi/includes/modules/Card/Card.php on line 988
[11-Jun-2024 14:53:39 UTC] PHP Deprecated:  Using ${var} in strings is deprecated, use {$var} instead in /var/www/html/wp-content/plugins/supreme-modules-pro-for-divi/includes/modules/Card/Card.php on line 1614
[11-Jun-2024 14:53:39 UTC] PHP Deprecated:  Creation of dynamic property DSM_Card::$icon_path is deprecated in /var/www/html/wp-content/themes/Divi/includes/builder/class-et-builder-element.php on line 1417
[11-Jun-2024 14:53:39 UTC] PHP Deprecated:  Optional parameter $content declared before required parameter $render_slug is implicitly treated as a required parameter in /var/www/html/wp-content/plugins/supreme-modules-pro-for-divi/includes/modules/CardCarousel/CardCarousel.php on line 1113
[11-Jun-2024 14:53:39 UTC] PHP Deprecated:  Using ${var} in strings is deprecated, use {$var} instead in /var/www/html/wp-content/plugins/supreme-modules-pro-for-divi/includes/modules/CardCarousel/CardCarousel.php on line 1766
[11-Jun-2024 14:53:39 UTC] PHP Deprecated:  Creation of dynamic property DSM_CardCarousel::$icon_path is deprecated in /var/www/html/wp-content/themes/Divi/includes/builder/class-et-builder-element.php on line 1417
[11-Jun-2024 14:53:39 UTC] PHP Deprecated:  Optional parameter $content declared before required parameter $render_slug is implicitly treated as a required parameter in /var/www/html/wp-content/plugins/supreme-modules-pro-for-divi/includes/modules/CardCarouselChild/CardCarouselChild.php on line 897
[11-Jun-2024 14:53:39 UTC] PHP Deprecated:  Using ${var} in strings is deprecated, use {$var} instead in /var/www/html/wp-content/plugins/supreme-modules-pro-for-divi/includes/modules/CardCarouselChild/CardCarouselChild.php on line 1437
[11-Jun-2024 14:53:39 UTC] PHP Deprecated:  Optional parameter $content declared before required parameter $render_slug is implicitly treated as a required parameter in /var/www/html/wp-content/plugins/supreme-modules-pro-for-divi/includes/modules/ContactForm7/ContactForm7.php on line 404
[11-Jun-2024 14:53:39 UTC] PHP Deprecated:  Creation of dynamic property DSM_ContactForm7::$icon_path is deprecated in /var/www/html/wp-content/themes/Divi/includes/builder/class-et-builder-element.php on line 1417
[11-Jun-2024 14:53:39 UTC] PHP Deprecated:  Optional parameter $content declared before required parameter $render_slug is implicitly treated as a required parameter in /var/www/html/wp-content/plugins/supreme-modules-pro-for-divi/includes/modules/ContentToggle/ContentToggle.php on line 641
[11-Jun-2024 14:53:39 UTC] PHP Deprecated:  Creation of dynamic property DSM_Content_Toggle::$icon_path is deprecated in /var/www/html/wp-content/themes/Divi/includes/builder/class-et-builder-element.php on line 1417
[11-Jun-2024 14:53:39 UTC] PHP Deprecated:  Automatic conversion of false to array is deprecated in /var/www/html/wp-content/plugins/supreme-modules-pro-for-divi/includes/modules/ContentToggle/ContentToggle.php on line 46
[11-Jun-2024 14:53:39 UTC] PHP Deprecated:  Optional parameter $content declared before required parameter $render_slug is implicitly treated as a required parameter in /var/www/html/wp-content/plugins/supreme-modules-pro-for-divi/includes/modules/DualHeading/DualHeading.php on line 431
[11-Jun-2024 14:53:39 UTC] PHP Deprecated:  Creation of dynamic property DSM_Dual_Heading::$icon_path is deprecated in /var/www/html/wp-content/themes/Divi/includes/builder/class-et-builder-element.php on line 1417
[11-Jun-2024 14:53:39 UTC] PHP Deprecated:  Optional parameter $content declared before required parameter $render_slug is implicitly treated as a required parameter in /var/www/html/wp-content/plugins/supreme-modules-pro-for-divi/includes/modules/EmbedGoogleMap/EmbedGoogleMap.php on line 77
[11-Jun-2024 14:53:39 UTC] PHP Deprecated:  Creation of dynamic property DSM_EmbedGoogleMap::$icon_path is deprecated in /var/www/html/wp-content/themes/Divi/includes/builder/class-et-builder-element.php on line 1417
[11-Jun-2024 14:53:39 UTC] PHP Deprecated:  Optional parameter $content declared before required parameter $render_slug is implicitly treated as a required parameter in /var/www/html/wp-content/plugins/supreme-modules-pro-for-divi/includes/modules/EmbedTwitterTimeline/EmbedTwitterTimeline.php on line 187
[11-Jun-2024 14:53:39 UTC] PHP Deprecated:  Creation of dynamic property DSM_TwitterEmbeddedTimeline::$icon_path is deprecated in /var/www/html/wp-content/themes/Divi/includes/builder/class-et-builder-element.php on line 1417
[11-Jun-2024 14:53:39 UTC] PHP Deprecated:  Optional parameter $content declared before required parameter $render_slug is implicitly treated as a required parameter in /var/www/html/wp-content/plugins/supreme-modules-pro-for-divi/includes/modules/FacebookEmbed/FacebookEmbed.php on line 216
[11-Jun-2024 14:53:39 UTC] PHP Deprecated:  Creation of dynamic property DSM_FacebookEmbed::$icon_path is deprecated in /var/www/html/wp-content/themes/Divi/includes/builder/class-et-builder-element.php on line 1417
[11-Jun-2024 14:53:39 UTC] PHP Deprecated:  Optional parameter $content declared before required parameter $render_slug is implicitly treated as a required parameter in /var/www/html/wp-content/plugins/supreme-modules-pro-for-divi/includes/modules/FacebookLikeButton/FacebookLikeButton.php on line 197
[11-Jun-2024 14:53:39 UTC] PHP Deprecated:  Creation of dynamic property DSM_FacebookLikeButton::$icon_path is deprecated in /var/www/html/wp-content/themes/Divi/includes/builder/class-et-builder-element.php on line 1417
[11-Jun-2024 14:53:39 UTC] PHP Deprecated:  Optional parameter $content declared before required parameter $render_slug is implicitly treated as a required parameter in /var/www/html/wp-content/plugins/supreme-modules-pro-for-divi/includes/modules/FacebookSimpleComments/FacebookSimpleComments.php on line 140
[11-Jun-2024 14:53:39 UTC] PHP Deprecated:  Creation of dynamic property DSM_FacebookSimpleComments::$icon_path is deprecated in /var/www/html/wp-content/themes/Divi/includes/builder/class-et-builder-element.php on line 1417
[11-Jun-2024 14:53:39 UTC] PHP Deprecated:  Optional parameter $content declared before required parameter $render_slug is implicitly treated as a required parameter in /var/www/html/wp-content/plugins/supreme-modules-pro-for-divi/includes/modules/FacebookSimpleFeed/FacebookSimpleFeed.php on line 197
[11-Jun-2024 14:53:39 UTC] PHP Deprecated:  Creation of dynamic property DSM_FacebookSimpleFeed::$icon_path is deprecated in /var/www/html/wp-content/themes/Divi/includes/builder/class-et-builder-element.php on line 1417
[11-Jun-2024 14:53:39 UTC] PHP Deprecated:  Optional parameter $content declared before required parameter $render_slug is implicitly treated as a required parameter in /var/www/html/wp-content/plugins/supreme-modules-pro-for-divi/includes/modules/FlipBoxPerk/FlipBoxPerk.php on line 267
[11-Jun-2024 14:53:39 UTC] PHP Deprecated:  Using ${var} in strings is deprecated, use {$var} instead in /var/www/html/wp-content/plugins/supreme-modules-pro-for-divi/includes/modules/FlipBoxPerk/FlipBoxPerk.php on line 360
[11-Jun-2024 14:53:39 UTC] PHP Deprecated:  Using ${var} in strings is deprecated, use {$var} instead in /var/www/html/wp-content/plugins/supreme-modules-pro-for-divi/includes/modules/FlipBoxPerk/FlipBoxPerk.php on line 364
[11-Jun-2024 14:53:39 UTC] PHP Deprecated:  Using ${var} in strings is deprecated, use {$var} instead in /var/www/html/wp-content/plugins/supreme-modules-pro-for-divi/includes/modules/FlipBoxPerk/FlipBoxPerk.php on line 365
[11-Jun-2024 14:53:39 UTC] PHP Deprecated:  Using ${var} in strings is deprecated, use {$var} instead in /var/www/html/wp-content/plugins/supreme-modules-pro-for-divi/includes/modules/FlipBoxPerk/FlipBoxPerk.php on line 367
[11-Jun-2024 14:53:39 UTC] PHP Deprecated:  Creation of dynamic property DSM_FlipBox_Perk::$icon_path is deprecated in /var/www/html/wp-content/themes/Divi/includes/builder/class-et-builder-element.php on line 1417
[11-Jun-2024 14:53:39 UTC] PHP Deprecated:  Optional parameter $content declared before required parameter $render_slug is implicitly treated as a required parameter in /var/www/html/wp-content/plugins/supreme-modules-pro-for-divi/includes/modules/FlipBoxPerkChild/FlipBoxPerkChild.php on line 480
[11-Jun-2024 14:53:40 UTC] PHP Deprecated:  Optional parameter $content declared before required parameter $render_slug is implicitly treated as a required parameter in /var/www/html/wp-content/plugins/supreme-modules-pro-for-divi/includes/modules/FloatingMultiImages/FloatingMultiImages.php on line 95
[11-Jun-2024 14:53:40 UTC] PHP Deprecated:  Creation of dynamic property DSM_FloatingMultiImages::$icon_path is deprecated in /var/www/html/wp-content/themes/Divi/includes/builder/class-et-builder-element.php on line 1417
[11-Jun-2024 14:53:40 UTC] PHP Deprecated:  Optional parameter $content declared before required parameter $render_slug is implicitly treated as a required parameter in /var/www/html/wp-content/plugins/supreme-modules-pro-for-divi/includes/modules/FloatingMultiImagesChild/FloatingMultiImagesChild.php on line 152
[11-Jun-2024 14:53:40 UTC] PHP Deprecated:  Optional parameter $content declared before required parameter $render_slug is implicitly treated as a required parameter in /var/www/html/wp-content/plugins/supreme-modules-pro-for-divi/includes/modules/GlitchText/GlitchText.php on line 165
[11-Jun-2024 14:53:40 UTC] PHP Deprecated:  Creation of dynamic property DSM_GlitchText::$icon_path is deprecated in /var/www/html/wp-content/themes/Divi/includes/builder/class-et-builder-element.php on line 1417
[11-Jun-2024 14:53:40 UTC] PHP Deprecated:  Optional parameter $content declared before required parameter $render_slug is implicitly treated as a required parameter in /var/www/html/wp-content/plugins/supreme-modules-pro-for-divi/includes/modules/GradientText/GradientText.php on line 121
[11-Jun-2024 14:53:40 UTC] PHP Deprecated:  Creation of dynamic property DSM_GradientText::$icon_path is deprecated in /var/www/html/wp-content/themes/Divi/includes/builder/class-et-builder-element.php on line 1417
[11-Jun-2024 14:53:40 UTC] PHP Deprecated:  Optional parameter $content declared before required parameter $render_slug is implicitly treated as a required parameter in /var/www/html/wp-content/plugins/supreme-modules-pro-for-divi/includes/modules/IconDivider/IconDivider.php on line 392
[11-Jun-2024 14:53:40 UTC] PHP Deprecated:  Creation of dynamic property DSM_Icon_Divider::$icon_path is deprecated in /var/www/html/wp-content/themes/Divi/includes/builder/class-et-builder-element.php on line 1417
[11-Jun-2024 14:53:40 UTC] PHP Deprecated:  Optional parameter $content declared before required parameter $render_slug is implicitly treated as a required parameter in /var/www/html/wp-content/plugins/supreme-modules-pro-for-divi/includes/modules/IconList/IconList.php on line 448
[11-Jun-2024 14:53:40 UTC] PHP Deprecated:  Creation of dynamic property DSM_Icon_List::$icon_path is deprecated in /var/www/html/wp-content/themes/Divi/includes/builder/class-et-builder-element.php on line 1417
[11-Jun-2024 14:53:40 UTC] PHP Deprecated:  Optional parameter $content declared before required parameter $render_slug is implicitly treated as a required parameter in /var/www/html/wp-content/plugins/supreme-modules-pro-for-divi/includes/modules/IconListChild/IconListChild.php on line 550
[11-Jun-2024 14:53:40 UTC] PHP Deprecated:  Optional parameter $content declared before required parameter $render_slug is implicitly treated as a required parameter in /var/www/html/wp-content/plugins/supreme-modules-pro-for-divi/includes/modules/ImageAccordion/ImageAccordion.php on line 293
[11-Jun-2024 14:53:40 UTC] PHP Deprecated:  Creation of dynamic property DSM_ImageAccordion::$icon_path is deprecated in /var/www/html/wp-content/themes/Divi/includes/builder/class-et-builder-element.php on line 1417
[11-Jun-2024 14:53:40 UTC] PHP Deprecated:  Automatic conversion of false to array is deprecated in /var/www/html/wp-content/plugins/supreme-modules-pro-for-divi/includes/modules/ImageAccordion/ImageAccordion.php on line 193
[11-Jun-2024 14:53:40 UTC] PHP Deprecated:  Optional parameter $content declared before required parameter $render_slug is implicitly treated as a required parameter in /var/www/html/wp-content/plugins/supreme-modules-pro-for-divi/includes/modules/ImageAccordionChild/ImageAccordionChild.php on line 399
[11-Jun-2024 14:53:40 UTC] PHP Deprecated:  Automatic conversion of false to array is deprecated in /var/www/html/wp-content/plugins/supreme-modules-pro-for-divi/includes/modules/ImageAccordionChild/ImageAccordionChild.php on line 309
[11-Jun-2024 14:53:40 UTC] PHP Deprecated:  Optional parameter $content declared before required parameter $render_slug is implicitly treated as a required parameter in /var/www/html/wp-content/plugins/supreme-modules-pro-for-divi/includes/modules/ImageCarousel/ImageCarousel.php on line 790
[11-Jun-2024 14:53:40 UTC] PHP Deprecated:  Creation of dynamic property DSM_ImageCarousel::$icon_path is deprecated in /var/www/html/wp-content/themes/Divi/includes/builder/class-et-builder-element.php on line 1417
[11-Jun-2024 14:53:40 UTC] PHP Deprecated:  Optional parameter $content declared before required parameter $render_slug is implicitly treated as a required parameter in /var/www/html/wp-content/plugins/supreme-modules-pro-for-divi/includes/modules/ImageHotSpots/ImageHotSpots.php on line 565
[11-Jun-2024 14:53:40 UTC] PHP Deprecated:  Creation of dynamic property DSM_Image_Hotspots::$icon_path is deprecated in /var/www/html/wp-content/themes/Divi/includes/builder/class-et-builder-element.php on line 1417
[11-Jun-2024 14:53:40 UTC] PHP Deprecated:  Optional parameter $content declared before required parameter $render_slug is implicitly treated as a required parameter in /var/www/html/wp-content/plugins/supreme-modules-pro-for-divi/includes/modules/ImageHotSpotsChild/ImageHotSpotsChild.php on line 687
[11-Jun-2024 14:53:40 UTC] PHP Deprecated:  Optional parameter $content declared before required parameter $render_slug is implicitly treated as a required parameter in /var/www/html/wp-content/plugins/supreme-modules-pro-for-divi/includes/modules/ImageHoverReveal/ImageHoverReveal.php on line 153
[11-Jun-2024 14:53:40 UTC] PHP Deprecated:  Creation of dynamic property DSM_ImageHoverReveal::$icon_path is deprecated in /var/www/html/wp-content/themes/Divi/includes/builder/class-et-builder-element.php on line 1417
[11-Jun-2024 14:53:40 UTC] PHP Deprecated:  Optional parameter $content declared before required parameter $render_slug is implicitly treated as a required parameter in /var/www/html/wp-content/plugins/supreme-modules-pro-for-divi/includes/modules/ImageReveal/ImageReveal.php on line 287
[11-Jun-2024 14:53:40 UTC] PHP Deprecated:  Creation of dynamic property DSM_ImageReveal::$icon_path is deprecated in /var/www/html/wp-content/themes/Divi/includes/builder/class-et-builder-element.php on line 1417
[11-Jun-2024 14:53:40 UTC] PHP Deprecated:  Optional parameter $content declared before required parameter $render_slug is implicitly treated as a required parameter in /var/www/html/wp-content/plugins/supreme-modules-pro-for-divi/includes/modules/Lottie/Lottie.php on line 298
[11-Jun-2024 14:53:40 UTC] PHP Deprecated:  Creation of dynamic property DSM_Lottie::$icon_path is deprecated in /var/www/html/wp-content/themes/Divi/includes/builder/class-et-builder-element.php on line 1417
[11-Jun-2024 14:53:40 UTC] PHP Deprecated:  Optional parameter $content declared before required parameter $render_slug is implicitly treated as a required parameter in /var/www/html/wp-content/plugins/supreme-modules-pro-for-divi/includes/modules/MaskText/MaskText.php on line 199
[11-Jun-2024 14:53:40 UTC] PHP Deprecated:  Creation of dynamic property DSM_MaskText::$icon_path is deprecated in /var/www/html/wp-content/themes/Divi/includes/builder/class-et-builder-element.php on line 1417
[11-Jun-2024 14:53:40 UTC] PHP Deprecated:  Optional parameter $content declared before required parameter $render_slug is implicitly treated as a required parameter in /var/www/html/wp-content/plugins/supreme-modules-pro-for-divi/includes/modules/MasonryGallery/MasonryGallery.php on line 532
[11-Jun-2024 14:53:40 UTC] PHP Deprecated:  Creation of dynamic property DSM_MasonryGallery::$icon_path is deprecated in /var/www/html/wp-content/themes/Divi/includes/builder/class-et-builder-element.php on line 1417
[11-Jun-2024 14:53:40 UTC] PHP Deprecated:  Automatic conversion of false to array is deprecated in /var/www/html/wp-content/plugins/supreme-modules-pro-for-divi/includes/modules/MasonryGallery/MasonryGallery.php on line 87
[11-Jun-2024 14:53:40 UTC] PHP Deprecated:  Optional parameter $content declared before required parameter $render_slug is implicitly treated as a required parameter in /var/www/html/wp-content/plugins/supreme-modules-pro-for-divi/includes/modules/Menu/Menu.php on line 552
[11-Jun-2024 14:53:40 UTC] PHP Deprecated:  Creation of dynamic property DSM_NavMenu::$icon_path is deprecated in /var/www/html/wp-content/themes/Divi/includes/builder/class-et-builder-element.php on line 1417
[11-Jun-2024 14:53:40 UTC] PHP Deprecated:  Optional parameter $content declared before required parameter $render_slug is implicitly treated as a required parameter in /var/www/html/wp-content/plugins/supreme-modules-pro-for-divi/includes/modules/PerspectiveImage/PerspectiveImage.php on line 461
[11-Jun-2024 14:53:40 UTC] PHP Deprecated:  Creation of dynamic property DSM_Perspective_Image::$icon_path is deprecated in /var/www/html/wp-content/themes/Divi/includes/builder/class-et-builder-element.php on line 1417
[11-Jun-2024 14:53:40 UTC] PHP Deprecated:  Optional parameter $content declared before required parameter $render_slug is implicitly treated as a required parameter in /var/www/html/wp-content/plugins/supreme-modules-pro-for-divi/includes/modules/PostCarousel/PostCarousel.php on line 1330
[11-Jun-2024 14:53:40 UTC] PHP Deprecated:  Creation of dynamic property DSM_PostCarousel::$icon_path is deprecated in /var/www/html/wp-content/themes/Divi/includes/builder/class-et-builder-element.php on line 1417
[11-Jun-2024 14:53:40 UTC] PHP Deprecated:  Automatic conversion of false to array is deprecated in /var/www/html/wp-content/plugins/supreme-modules-pro-for-divi/includes/modules/PostCarousel/PostCarousel.php on line 106
[11-Jun-2024 14:53:40 UTC] PHP Deprecated:  Optional parameter $content declared before required parameter $render_slug is implicitly treated as a required parameter in /var/www/html/wp-content/plugins/supreme-modules-pro-for-divi/includes/modules/PriceList/PriceList.php on line 352
[11-Jun-2024 14:53:40 UTC] PHP Deprecated:  Creation of dynamic property DSM_PriceList::$icon_path is deprecated in /var/www/html/wp-content/themes/Divi/includes/builder/class-et-builder-element.php on line 1417
[11-Jun-2024 14:53:40 UTC] PHP Deprecated:  Optional parameter $content declared before required parameter $render_slug is implicitly treated as a required parameter in /var/www/html/wp-content/plugins/supreme-modules-pro-for-divi/includes/modules/PriceListChild/PriceListChild.php on line 228
[11-Jun-2024 14:53:40 UTC] PHP Deprecated:  Optional parameter $content declared before required parameter $render_slug is implicitly treated as a required parameter in /var/www/html/wp-content/plugins/supreme-modules-pro-for-divi/includes/modules/ScrollImage/ScrollImage.php on line 397
[11-Jun-2024 14:53:40 UTC] PHP Deprecated:  Creation of dynamic property DSM_Scroll_Image::$icon_path is deprecated in /var/www/html/wp-content/themes/Divi/includes/builder/class-et-builder-element.php on line 1417
[11-Jun-2024 14:53:40 UTC] PHP Deprecated:  Optional parameter $content declared before required parameter $render_slug is implicitly treated as a required parameter in /var/www/html/wp-content/plugins/supreme-modules-pro-for-divi/includes/modules/Shapes/Shapes.php on line 250
[11-Jun-2024 14:53:40 UTC] PHP Deprecated:  Creation of dynamic property DSM_Shapes::$icon_path is deprecated in /var/www/html/wp-content/themes/Divi/includes/builder/class-et-builder-element.php on line 1417
[11-Jun-2024 14:53:40 UTC] PHP Deprecated:  Optional parameter $content declared before required parameter $render_slug is implicitly treated as a required parameter in /var/www/html/wp-content/plugins/supreme-modules-pro-for-divi/includes/modules/ShuffleLetters/ShuffleLetters.php on line 207
[11-Jun-2024 14:53:40 UTC] PHP Deprecated:  Creation of dynamic property DSM_ShuffleLetters::$icon_path is deprecated in /var/www/html/wp-content/themes/Divi/includes/builder/class-et-builder-element.php on line 1417
[11-Jun-2024 14:53:41 UTC] PHP Deprecated:  Optional parameter $content declared before required parameter $render_slug is implicitly treated as a required parameter in /var/www/html/wp-content/plugins/supreme-modules-pro-for-divi/includes/modules/StarRating/StarRating.php on line 326
[11-Jun-2024 14:53:41 UTC] PHP Deprecated:  Using ${var} in strings is deprecated, use {$var} instead in /var/www/html/wp-content/plugins/supreme-modules-pro-for-divi/includes/modules/StarRating/StarRating.php on line 402
[11-Jun-2024 14:53:41 UTC] PHP Deprecated:  Using ${var} in strings is deprecated, use {$var} instead in /var/www/html/wp-content/plugins/supreme-modules-pro-for-divi/includes/modules/StarRating/StarRating.php on line 413
[11-Jun-2024 14:53:41 UTC] PHP Deprecated:  Creation of dynamic property DSM_Star_Rating::$icon_path is deprecated in /var/www/html/wp-content/themes/Divi/includes/builder/class-et-builder-element.php on line 1417
[11-Jun-2024 14:53:41 UTC] PHP Deprecated:  Optional parameter $content declared before required parameter $render_slug is implicitly treated as a required parameter in /var/www/html/wp-content/plugins/supreme-modules-pro-for-divi/includes/modules/TextDivider/TextDivider.php on line 183
[11-Jun-2024 14:53:41 UTC] PHP Deprecated:  Creation of dynamic property DSM_Text_Divider::$icon_path is deprecated in /var/www/html/wp-content/themes/Divi/includes/builder/class-et-builder-element.php on line 1417
[11-Jun-2024 14:53:41 UTC] PHP Deprecated:  Optional parameter $content declared before required parameter $render_slug is implicitly treated as a required parameter in /var/www/html/wp-content/plugins/supreme-modules-pro-for-divi/includes/modules/TextNotation/TextNotation.php on line 561
[11-Jun-2024 14:53:41 UTC] PHP Deprecated:  Creation of dynamic property DSM_TextNotation::$icon_path is deprecated in /var/www/html/wp-content/themes/Divi/includes/builder/class-et-builder-element.php on line 1417
[11-Jun-2024 14:53:41 UTC] PHP Deprecated:  Optional parameter $content declared before required parameter $render_slug is implicitly treated as a required parameter in /var/www/html/wp-content/plugins/supreme-modules-pro-for-divi/includes/modules/TextRotator/TextRotator.php on line 549
[11-Jun-2024 14:53:41 UTC] PHP Deprecated:  Creation of dynamic property DSM_TextRotator::$icon_path is deprecated in /var/www/html/wp-content/themes/Divi/includes/builder/class-et-builder-element.php on line 1417
[11-Jun-2024 14:53:41 UTC] PHP Deprecated:  Optional parameter $content declared before required parameter $render_slug is implicitly treated as a required parameter in /var/www/html/wp-content/plugins/supreme-modules-pro-for-divi/includes/modules/TiltImage/TiltImage.php on line 603
[11-Jun-2024 14:53:41 UTC] PHP Deprecated:  Creation of dynamic property DSM_Tilt_Image::$icon_path is deprecated in /var/www/html/wp-content/themes/Divi/includes/builder/class-et-builder-element.php on line 1417
[11-Jun-2024 14:53:41 UTC] PHP Deprecated:  Optional parameter $content declared before required parameter $render_slug is implicitly treated as a required parameter in /var/www/html/wp-content/plugins/supreme-modules-pro-for-divi/includes/modules/TypingEffect/TypingEffect.php on line 503
[11-Jun-2024 14:53:41 UTC] PHP Deprecated:  Creation of dynamic property DSM_TypingEffect::$icon_path is deprecated in /var/www/html/wp-content/themes/Divi/includes/builder/class-et-builder-element.php on line 1417
[11-Jun-2024 14:53:41 UTC] PHP Deprecated:  Optional parameter $content declared before required parameter $function_name is implicitly treated as a required parameter in /var/www/html/wp-content/plugins/ds-divi-extras/includes/modules.php on line 3896
[11-Jun-2024 14:53:41 UTC] PHP Deprecated:  Optional parameter $content declared before required parameter $function_name is implicitly treated as a required parameter in /var/www/html/wp-content/plugins/ds-divi-extras/includes/modules.php on line 4717
[11-Jun-2024 14:53:41 UTC] PHP Deprecated:  Optional parameter $content declared before required parameter $function_name is implicitly treated as a required parameter in /var/www/html/wp-content/plugins/ds-divi-extras/includes/modules.php on line 4928
[11-Jun-2024 14:53:41 UTC] PHP Deprecated:  Optional parameter $content declared before required parameter $function_name is implicitly treated as a required parameter in /var/www/html/wp-content/plugins/ds-divi-extras/includes/modules.php on line 6381
[11-Jun-2024 14:53:41 UTC] PHP Deprecated:  Optional parameter $content declared before required parameter $function_name is implicitly treated as a required parameter in /var/www/html/wp-content/plugins/ds-divi-extras/includes/modules.php on line 6542
[11-Jun-2024 14:53:41 UTC] PHP Deprecated:  Optional parameter $content declared before required parameter $function_name is implicitly treated as a required parameter in /var/www/html/wp-content/plugins/ds-divi-extras/includes/modules.php on line 6650
[11-Jun-2024 14:53:41 UTC] PHP Deprecated:  Optional parameter $content declared before required parameter $render_slug is implicitly treated as a required parameter in /var/www/html/wp-content/plugins/ds-divi-extras/includes/modules.php on line 6664
[11-Jun-2024 14:53:41 UTC] PHP Deprecated:  Optional parameter $content declared before required parameter $function_name is implicitly treated as a required parameter in /var/www/html/wp-content/plugins/ds-divi-extras/includes/modules.php on line 6813
[11-Jun-2024 14:53:41 UTC] PHP Deprecated:  Optional parameter $content declared before required parameter $render_slug is implicitly treated as a required parameter in /var/www/html/wp-content/plugins/ds-divi-extras/includes/modules.php on line 6826
[11-Jun-2024 14:53:41 UTC] PHP Deprecated:  Optional parameter $content declared before required parameter $function_name is implicitly treated as a required parameter in /var/www/html/wp-content/plugins/ds-divi-extras/includes/modules.php on line 6973
[11-Jun-2024 14:53:41 UTC] PHP Deprecated:  Optional parameter $content declared before required parameter $render_slug is implicitly treated as a required parameter in /var/www/html/wp-content/plugins/ds-divi-extras/includes/modules.php on line 6986
[11-Jun-2024 14:53:41 UTC] PHP Deprecated:  Optional parameter $content declared before required parameter $function_name is implicitly treated as a required parameter in /var/www/html/wp-content/plugins/ds-divi-extras/includes/modules.php on line 7140
[11-Jun-2024 14:53:41 UTC] PHP Deprecated:  Optional parameter $content declared before required parameter $render_slug is implicitly treated as a required parameter in /var/www/html/wp-content/plugins/ds-divi-extras/includes/modules.php on line 7153
[11-Jun-2024 14:53:41 UTC] PHP Deprecated:  Optional parameter $content declared before required parameter $function_name is implicitly treated as a required parameter in /var/www/html/wp-content/plugins/ds-divi-extras/includes/modules.php on line 7310
[11-Jun-2024 14:53:41 UTC] PHP Deprecated:  Optional parameter $content declared before required parameter $render_slug is implicitly treated as a required parameter in /var/www/html/wp-content/plugins/ds-divi-extras/includes/modules.php on line 7323
[11-Jun-2024 14:53:41 UTC] PHP Deprecated:  Optional parameter $content declared before required parameter $function_name is implicitly treated as a required parameter in /var/www/html/wp-content/plugins/ds-divi-extras/includes/modules.php on line 7478
[11-Jun-2024 14:53:41 UTC] PHP Deprecated:  Optional parameter $content declared before required parameter $render_slug is implicitly treated as a required parameter in /var/www/html/wp-content/plugins/ds-divi-extras/includes/modules.php on line 7491
[11-Jun-2024 14:53:41 UTC] PHP Deprecated:  Optional parameter $content declared before required parameter $function_name is implicitly treated as a required parameter in /var/www/html/wp-content/plugins/ds-divi-extras/includes/modules.php on line 7643
[11-Jun-2024 14:53:41 UTC] PHP Deprecated:  Optional parameter $content declared before required parameter $render_slug is implicitly treated as a required parameter in /var/www/html/wp-content/plugins/ds-divi-extras/includes/modules.php on line 7656
[11-Jun-2024 14:53:41 UTC] PHP Deprecated:  Optional parameter $content declared before required parameter $function_name is implicitly treated as a required parameter in /var/www/html/wp-content/plugins/ds-divi-extras/includes/modules.php on line 7803
[11-Jun-2024 14:53:41 UTC] PHP Deprecated:  Optional parameter $content declared before required parameter $render_slug is implicitly treated as a required parameter in /var/www/html/wp-content/plugins/ds-divi-extras/includes/modules.php on line 7816
[11-Jun-2024 14:53:41 UTC] PHP Deprecated:  Optional parameter $content declared before required parameter $function_name is implicitly treated as a required parameter in /var/www/html/wp-content/plugins/ds-divi-extras/includes/modules.php on line 7955
[11-Jun-2024 14:53:41 UTC] PHP Deprecated:  Optional parameter $content declared before required parameter $render_slug is implicitly treated as a required parameter in /var/www/html/wp-content/plugins/ds-divi-extras/includes/modules.php on line 7968
[11-Jun-2024 14:53:41 UTC] PHP Deprecated:  Creation of dynamic property ET_Builder_Module_Posts_AGSDCM::$fb_support is deprecated in /var/www/html/wp-content/themes/Divi/includes/builder/class-et-builder-element.php on line 1417
[11-Jun-2024 14:53:41 UTC] PHP Deprecated:  Creation of dynamic property ET_Builder_Module_Posts_AGSDCM::$icon_path is deprecated in /var/www/html/wp-content/themes/Divi/includes/builder/class-et-builder-element.php on line 1417
[11-Jun-2024 14:53:41 UTC] PHP Deprecated:  Creation of dynamic property ET_Builder_Module_Tabbed_Posts_AGSDCM::$fb_support is deprecated in /var/www/html/wp-content/themes/Divi/includes/builder/class-et-builder-element.php on line 1417
[11-Jun-2024 14:53:41 UTC] PHP Deprecated:  Creation of dynamic property ET_Builder_Module_Tabbed_Posts_AGSDCM::$icon_path is deprecated in /var/www/html/wp-content/themes/Divi/includes/builder/class-et-builder-element.php on line 1417
[11-Jun-2024 14:53:41 UTC] PHP Deprecated:  Creation of dynamic property ET_Builder_Module_Tabbed_Posts_Tab_AGSDCM::$fb_support is deprecated in /var/www/html/wp-content/themes/Divi/includes/builder/class-et-builder-element.php on line 1417
[11-Jun-2024 14:53:41 UTC] PHP Deprecated:  Creation of dynamic property ET_Builder_Module_Posts_Carousel_AGSDCM::$fb_support is deprecated in /var/www/html/wp-content/themes/Divi/includes/builder/class-et-builder-element.php on line 1417
[11-Jun-2024 14:53:41 UTC] PHP Deprecated:  Creation of dynamic property ET_Builder_Module_Posts_Carousel_AGSDCM::$icon_path is deprecated in /var/www/html/wp-content/themes/Divi/includes/builder/class-et-builder-element.php on line 1417
[11-Jun-2024 14:53:41 UTC] PHP Deprecated:  Creation of dynamic property ET_Builder_Module_Featured_Posts_Slider_AGSDCM::$fb_support is deprecated in /var/www/html/wp-content/themes/Divi/includes/builder/class-et-builder-element.php on line 1417
[11-Jun-2024 14:53:41 UTC] PHP Deprecated:  Creation of dynamic property ET_Builder_Module_Featured_Posts_Slider_AGSDCM::$icon_path is deprecated in /var/www/html/wp-content/themes/Divi/includes/builder/class-et-builder-element.php on line 1417
[11-Jun-2024 14:53:41 UTC] PHP Deprecated:  Creation of dynamic property ET_Builder_Module_Posts_Blog_Feed_AGSDCM::$fb_support is deprecated in /var/www/html/wp-content/themes/Divi/includes/builder/class-et-builder-element.php on line 1417
[11-Jun-2024 14:53:41 UTC] PHP Deprecated:  Creation of dynamic property ET_Builder_Module_Posts_Blog_Feed_AGSDCM::$icon_path is deprecated in /var/www/html/wp-content/themes/Divi/includes/builder/class-et-builder-element.php on line 1417
[11-Jun-2024 14:53:42 UTC] PHP Deprecated:  Creation of dynamic property ET_Builder_Module_Posts_Blog_Feed_Masonry_AGSDCM::$fb_support is deprecated in /var/www/html/wp-content/themes/Divi/includes/builder/class-et-builder-element.php on line 1417
[11-Jun-2024 14:53:42 UTC] PHP Deprecated:  Creation of dynamic property ET_Builder_Module_Posts_Blog_Feed_Masonry_AGSDCM::$icon_path is deprecated in /var/www/html/wp-content/themes/Divi/includes/builder/class-et-builder-element.php on line 1417
[11-Jun-2024 14:53:42 UTC] PHP Deprecated:  Creation of dynamic property ET_Builder_Module_Ads_AGSDCM::$fb_support is deprecated in /var/www/html/wp-content/themes/Divi/includes/builder/class-et-builder-element.php on line 1417
[11-Jun-2024 14:53:42 UTC] PHP Deprecated:  Creation of dynamic property ET_Builder_Module_Ads_AGSDCM::$icon_path is deprecated in /var/www/html/wp-content/themes/Divi/includes/builder/class-et-builder-element.php on line 1417
[11-Jun-2024 14:53:42 UTC] PHP Deprecated:  Creation of dynamic property ET_Builder_Module_Ads_Ad_AGSDCM::$fb_support is deprecated in /var/www/html/wp-content/themes/Divi/includes/builder/class-et-builder-element.php on line 1417
[11-Jun-2024 14:59:56 UTC] PHP Deprecated:  Creation of dynamic property Dsm_Supreme_Modules_Pro_For_Divi::$settings_api is deprecated in /var/www/html/wp-content/plugins/supreme-modules-pro-for-divi/includes/class-dsm-supreme-modules-pro-for-divi.php on line 183
